<?xml version="1.0" encoding="UTF-8"?>
<!-- Generated by org.testng.reporters.JUnitReportReporter -->
<testsuite hostname="DESKTOP-AIGVO6J" failures="0" tests="3" name="testNGannotations.TestAnnotations" time="0.012" errors="0" timestamp="2023-03-27T19:21:38 IST" skipped="0">
  <testcase classname="testNGannotations.TestAnnotations" name="g" time="0.002"/>
  <system-out>
    <![CDATA[test case 2!!]]>
  </system-out>
  <testcase classname="testNGannotations.TestAnnotations" name="f" time="0.008"/>
  <system-out>
    <![CDATA[test case1]]>
  </system-out>
  <testcase classname="testNGannotations.TestAnnotations" name="h" time="0.002"/>
  <system-out>
    <![CDATA[test case 3!!]]>
  </system-out>
</testsuite> <!-- testNGannotations.TestAnnotations -->
