<?xml version="1.0" encoding="UTF-8"?>
<!-- Generated by org.testng.reporters.JUnitReportReporter -->
<testsuite hostname="DESKTOP-AIGVO6J" failures="0" tests="3" name="testngFlag.Flag5" time="0.010" errors="0" timestamp="2023-03-30T20:31:36 IST" skipped="0">
  <testcase classname="testngFlag.Flag5" name="logout" time="0.002"/>
  <system-out>
    <![CDATA[Logged out!!]]>
  </system-out>
  <testcase classname="testngFlag.Flag5" name="createUser" time="0.002"/>
  <system-out>
    <![CDATA[UserCreated]]>
  </system-out>
  <testcase classname="testngFlag.Flag5" name="login" time="0.006"/>
  <system-out>
    <![CDATA[Logged in!!]]>
  </system-out>
</testsuite> <!-- testngFlag.Flag5 -->
