<?xml version="1.0" encoding="UTF-8"?>
<!-- Generated by org.testng.reporters.JUnitReportReporter -->
<testsuite hostname="DESKTOP-AIGVO6J" failures="0" tests="3" name="testngFlag.Flag3" time="0.011" errors="0" timestamp="2023-03-30T20:10:48 IST" skipped="0">
  <testcase classname="testngFlag.Flag3" name="logOut" time="0.008"/>
  <system-out>
    <![CDATA[Logged Out!!]]>
  </system-out>
  <testcase classname="testngFlag.Flag3" name="createUser" time="0.002"/>
  <system-out>
    <![CDATA[UserCreated]]>
  </system-out>
  <testcase classname="testngFlag.Flag3" name="login" time="0.001"/>
  <system-out>
    <![CDATA[Logged in!!]]>
  </system-out>
</testsuite> <!-- testngFlag.Flag3 -->
