<?xml version="1.0" encoding="UTF-8"?>
<!-- Generated by org.testng.reporters.JUnitReportReporter -->
<testsuite hostname="DESKTOP-AIGVO6J" failures="0" tests="6" name="testngFlag.GroupExecution" time="0.017" errors="0" timestamp="2023-03-30T19:28:23 IST" skipped="0">
  <testcase classname="testngFlag.GroupExecution" name="st1" time="0.006"/>
  <system-out>
    <![CDATA[STC1 is executed!!]]>
  </system-out>
  <testcase classname="testngFlag.GroupExecution" name="st3" time="0.002"/>
  <system-out>
    <![CDATA[STC3 is executed!!]]>
  </system-out>
  <testcase classname="testngFlag.GroupExecution" name="st6" time="0.004"/>
  <system-out>
    <![CDATA[STC6 is executed!!]]>
  </system-out>
  <testcase classname="testngFlag.GroupExecution" name="st2" time="0.002"/>
  <system-out>
    <![CDATA[STC2 is executed!!]]>
  </system-out>
  <testcase classname="testngFlag.GroupExecution" name="st4" time="0.001"/>
  <system-out>
    <![CDATA[STC4 is executed!!]]>
  </system-out>
  <testcase classname="testngFlag.GroupExecution" name="st5" time="0.002"/>
  <system-out>
    <![CDATA[STC5 is executed!!]]>
  </system-out>
</testsuite> <!-- testngFlag.GroupExecution -->
