<?xml version="1.0" encoding="UTF-8"?>
<!-- Generated by org.testng.reporters.JUnitReportReporter -->
<testsuite hostname="DESKTOP-AIGVO6J" failures="0" tests="1" name="testngFlag.Flag2" time="0.018" errors="0" timestamp="2023-03-30T19:50:20 IST" skipped="0">
  <testcase classname="testngFlag.Flag2" name="search1" time="0.018"/>
  <system-out>
    <![CDATA[Log in Page]]>
  </system-out>
</testsuite> <!-- testngFlag.Flag2 -->
