<?xml version="1.0" encoding="UTF-8"?>
<!-- Generated by org.testng.reporters.JUnitReportReporter -->
<testsuite hostname="DESKTOP-AIGVO6J" failures="0" tests="1" name="testngExecution.TestngClass2" time="3.710" errors="0" timestamp="2023-03-28T19:39:28 IST" skipped="0">
  <testcase classname="testngExecution.TestngClass2" name="search2" time="3.710"/>
  <system-out/>
</testsuite> <!-- testngExecution.TestngClass2 -->
