<?xml version="1.0" encoding="UTF-8"?>
<!-- Generated by org.testng.reporters.JUnitReportReporter -->
<testsuite hostname="DESKTOP-AIGVO6J" failures="0" tests="2" name="testngExecution.MethodsExe" time="0.009" errors="0" timestamp="2023-03-28T19:48:14 IST" skipped="0">
  <testcase classname="testngExecution.MethodsExe" name="method2" time="0.002"/>
  <system-out>
    <![CDATA[1 is the threadid
Method2]]>
  </system-out>
  <testcase classname="testngExecution.MethodsExe" name="method1" time="0.007"/>
  <system-out>
    <![CDATA[1 is the threadid
Method1]]>
  </system-out>
</testsuite> <!-- testngExecution.MethodsExe -->
