<?xml version="1.0" encoding="UTF-8"?>
<!-- Generated by org.testng.reporters.JUnitReportReporter -->
<testsuite hostname="DESKTOP-AIGVO6J" failures="0" tests="3" name="testNGannotations.GoogleTestCase" time="72.089" errors="0" timestamp="2023-03-27T20:06:13 IST" skipped="0">
  <testcase classname="testNGannotations.GoogleTestCase" name="search2" time="21.121"/>
  <system-out/>
  <testcase classname="testNGannotations.GoogleTestCase" name="search3" time="10.184"/>
  <system-out/>
  <testcase classname="testNGannotations.GoogleTestCase" name="search1" time="40.784"/>
  <system-out/>
</testsuite> <!-- testNGannotations.GoogleTestCase -->
