<?xml version="1.0" encoding="UTF-8"?>
<!-- Generated by org.testng.reporters.JUnitReportReporter -->
<testsuite hostname="DESKTOP-AIGVO6J" failures="0" tests="2" name="testngFlag.Flag6" time="0.009" errors="0" timestamp="2023-03-31T19:26:51 IST" skipped="0">
  <testcase classname="testngFlag.Flag6" name="login" time="0.006"/>
  <system-out>
    <![CDATA[Login method]]>
  </system-out>
  <testcase classname="testngFlag.Flag6" name="logout" time="0.003"/>
  <system-out>
    <![CDATA[Logout method]]>
  </system-out>
</testsuite> <!-- testngFlag.Flag6 -->
